2024-07-22T03:50:23.387Z [32minfo[39m: User authenticated: {"userId":"1","iat":1721620212,"exp":1721623812}
2024-07-22T03:50:57.753Z [32minfo[39m: User authenticated: {"userId":"1","iat":1721620212,"exp":1721623812}
2024-07-22T03:50:57.757Z [31merror[39m: Validation errors: [{"undefined":"Valid URL is required"}]
2024-07-22T03:51:22.495Z [32minfo[39m: User authenticated: {"userId":"1","iat":1721620212,"exp":1721623812}
2024-07-22T03:51:38.478Z [32minfo[39m: User authenticated: {"userId":"1","iat":1721620212,"exp":1721623812}
2024-07-22T03:51:55.692Z [32minfo[39m: User authenticated: {"userId":"1","iat":1721620212,"exp":1721623812}
2024-07-22T03:52:21.027Z [32minfo[39m: User authenticated: {"userId":"1","iat":1721620212,"exp":1721623812}
2024-07-22T03:52:41.341Z [32minfo[39m: User authenticated: {"userId":"1","iat":1721620212,"exp":1721623812}
2024-07-22T03:52:47.821Z [32minfo[39m: User authenticated: {"userId":"1","iat":1721620212,"exp":1721623812}
2024-07-22T03:53:07.051Z [32minfo[39m: User authenticated: {"userId":"1","iat":1721620212,"exp":1721623812}
2024-07-22T03:53:29.724Z [32minfo[39m: User authenticated: {"userId":"1","iat":1721620212,"exp":1721623812}
2024-07-22T03:53:37.365Z [32minfo[39m: User authenticated: {"userId":"1","iat":1721620212,"exp":1721623812}
2024-07-22T03:54:17.178Z [32minfo[39m: User authenticated: {"userId":"1","iat":1721620212,"exp":1721623812}
2024-07-22T03:58:20.865Z [32minfo[39m: User authenticated: {"userId":"1","iat":1721620212,"exp":1721623812}
2024-07-22T03:58:27.003Z [32minfo[39m: User authenticated: {"userId":"1","iat":1721620212,"exp":1721623812}
2024-07-22T03:58:37.303Z [32minfo[39m: User authenticated: {"userId":"1","iat":1721620212,"exp":1721623812}
2024-07-22T03:59:23.660Z [32minfo[39m: User authenticated: {"userId":"1","iat":1721620212,"exp":1721623812}
2024-07-22T04:10:17.095Z [32minfo[39m: User authenticated: {"userId":"1","iat":1721620904,"exp":1721624504}
2024-07-22T04:10:27.072Z [32minfo[39m: User authenticated: {"userId":"1","iat":1721620904,"exp":1721624504}
2024-07-22T04:10:58.590Z [32minfo[39m: User authenticated: {"userId":"1","iat":1721620904,"exp":1721624504}
2024-07-22T04:25:04.290Z [31merror[39m: Validation errors: [{"undefined":"Identifier is required"},{"undefined":"Identifier must be a string"}]
2024-07-22T06:32:38.155Z [31merror[39m: Validation errors: [{"undefined":"Identifier is required"},{"undefined":"Identifier must be a string"}]
2024-07-22T09:55:08.768Z [31merror[39m: Validation errors: [{"undefined":"Identifier is required"},{"undefined":"Identifier must be a string"}]
2024-07-22T09:56:01.993Z [31merror[39m: Validation errors: [{"undefined":"Identifier is required"},{"undefined":"Identifier must be a string"}]
2024-07-22T09:56:10.895Z [31merror[39m: Validation errors: [{"undefined":"Identifier is required"},{"undefined":"Identifier must be a string"}]
2024-07-23T02:19:29.337Z [31merror[39m: Validation errors: [{"undefined":"Identifier is required"},{"undefined":"Identifier must be a string"}]
2024-07-23T09:59:04.456Z [31merror[39m: JWT verification error: jwt expired
2024-07-23T09:59:14.872Z [32minfo[39m: User authenticated: {"userId":"2","iat":1721728751,"exp":1721732351}
2024-07-23T14:44:21.888Z [31merror[39m: JWT verification error: jwt expired
2024-07-23T14:44:39.510Z [32minfo[39m: User authenticated: {"userId":"2","iat":1721745872,"exp":1721749472}
2024-07-23T14:45:39.455Z [32minfo[39m: User authenticated: {"userId":"2","iat":1721745872,"exp":1721749472}
2024-07-24T02:37:23.094Z [31merror[39m: JWT verification error: jwt expired
2024-07-24T02:37:34.976Z [32minfo[39m: User authenticated: {"userId":"2","iat":1721788648,"exp":1721792248}
2024-07-24T04:48:30.856Z [31merror[39m: JWT verification error: jwt expired
2024-07-24T04:48:39.798Z [32minfo[39m: User authenticated: {"userId":"2","iat":1721796516,"exp":1721800116}
2024-07-24T10:40:42.261Z [31merror[39m: Validation errors: [{"undefined":"Username is required"}]
2024-07-24T10:40:43.142Z [31merror[39m: Validation errors: [{"undefined":"Username is required"}]
2024-07-24T10:41:00.507Z [31merror[39m: Validation errors: [{"undefined":"Username is required"}]
2024-07-24T10:41:01.860Z [31merror[39m: Validation errors: [{"undefined":"Username is required"}]
2024-07-24T10:41:20.070Z [31merror[39m: Validation errors: [{"undefined":"Username is required"}]
2024-07-24T10:48:48.167Z [31merror[39m: Validation errors: [{"undefined":"Username is required"}]
2024-07-24T12:50:50.095Z [31merror[39m: JWT verification error: jwt expired
2024-07-25T05:49:12.784Z [31merror[39m: JWT verification error: jwt expired
2024-07-25T05:49:22.547Z [32minfo[39m: User authenticated: {"userId":"3","iat":1721886558,"exp":1721890158}
2024-07-25T05:49:57.466Z [32minfo[39m: User authenticated: {"userId":"3","iat":1721886558,"exp":1721890158}
2024-07-25T05:59:33.574Z [32minfo[39m: User authenticated: {"userId":"3","iat":1721886558,"exp":1721890158}
2024-07-25T06:04:32.767Z [32minfo[39m: User authenticated: {"userId":"3","iat":1721886558,"exp":1721890158}
2024-07-25T06:04:36.600Z [32minfo[39m: User authenticated: {"userId":"3","iat":1721886558,"exp":1721890158}
2024-07-25T06:06:00.879Z [31merror[39m: Validation errors: [{"undefined":"Identifier is required"},{"undefined":"Identifier must be a string"}]
2024-07-25T06:06:03.685Z [31merror[39m: Validation errors: [{"undefined":"Identifier is required"},{"undefined":"Identifier must be a string"}]
2024-07-25T06:06:29.194Z [31merror[39m: Validation errors: [{"undefined":"Identifier is required"},{"undefined":"Identifier must be a string"}]
2024-07-25T06:06:58.859Z [31merror[39m: Validation errors: [{"undefined":"Identifier is required"},{"undefined":"Identifier must be a string"}]
2024-07-25T06:13:19.330Z [31merror[39m: Validation errors: [{"undefined":"Identifier is required"},{"undefined":"Identifier must be a string"}]
2024-07-25T06:13:30.823Z [31merror[39m: Validation errors: [{"undefined":"Identifier is required"},{"undefined":"Identifier must be a string"}]
2024-07-25T06:18:04.407Z [31merror[39m: Validation errors: [{"undefined":"Identifier is required"},{"undefined":"Identifier must be a string"}]
2024-07-25T06:20:00.441Z [31merror[39m: Validation errors: [{"undefined":"Identifier is required"},{"undefined":"Identifier must be a string"}]
2024-07-25T06:22:43.907Z [31merror[39m: Validation errors: [{"undefined":"Identifier is required"},{"undefined":"Identifier must be a string"}]
2024-07-25T06:35:05.524Z [31merror[39m: Validation errors: [{"undefined":"Identifier is required"},{"undefined":"Identifier must be a string"}]
2024-07-25T06:52:47.668Z [31merror[39m: Validation errors: [{"undefined":"Identifier is required"},{"undefined":"Identifier must be a string"}]
2024-07-25T07:06:10.060Z [31merror[39m: Validation errors: [{"undefined":"Identifier is required"},{"undefined":"Identifier must be a string"}]
2024-07-25T07:06:58.735Z [31merror[39m: Validation errors: [{"undefined":"Identifier is required"},{"undefined":"Identifier must be a string"}]
2024-07-25T08:51:16.060Z [32minfo[39m: User authenticated: {"userId":"0df29c89-96e5-47ae-8be2-4f2e14ca61c0","iat":1721896920,"exp":1721900520}
2024-07-25T09:14:15.099Z [32minfo[39m: User authenticated: {"userId":"0df29c89-96e5-47ae-8be2-4f2e14ca61c0","iat":1721896920,"exp":1721900520}
2024-07-25T09:14:15.166Z [31merror[39m: Validation errors: [{"undefined":"First name is required"},{"undefined":"Last name is required"},{"undefined":"Phone number is required"},{"undefined":"Username is required"},{"undefined":"Password must be at least 6 characters"}]
2024-07-25T09:15:06.697Z [32minfo[39m: User authenticated: {"userId":"0df29c89-96e5-47ae-8be2-4f2e14ca61c0","iat":1721896920,"exp":1721900520}
2024-07-26T05:32:10.003Z [31merror[39m: JWT verification error: jwt expired
2024-07-26T05:32:17.008Z [32minfo[39m: User authenticated: {"userId":"0df29c89-96e5-47ae-8be2-4f2e14ca61c0","iat":1721971934,"exp":1721975534}
2024-07-26T05:34:15.637Z [32minfo[39m: User authenticated: {"userId":"0df29c89-96e5-47ae-8be2-4f2e14ca61c0","iat":1721971934,"exp":1721975534}
2024-07-26T05:34:57.077Z [32minfo[39m: User authenticated: {"userId":"0df29c89-96e5-47ae-8be2-4f2e14ca61c0","iat":1721971934,"exp":1721975534}
2024-07-26T05:35:07.287Z [32minfo[39m: User authenticated: {"userId":"0df29c89-96e5-47ae-8be2-4f2e14ca61c0","iat":1721971934,"exp":1721975534}
2024-07-26T05:35:10.940Z [32minfo[39m: User authenticated: {"userId":"0df29c89-96e5-47ae-8be2-4f2e14ca61c0","iat":1721971934,"exp":1721975534}
2024-07-26T05:35:26.511Z [32minfo[39m: User authenticated: {"userId":"0df29c89-96e5-47ae-8be2-4f2e14ca61c0","iat":1721971934,"exp":1721975534}
2024-07-26T05:40:18.280Z [32minfo[39m: User authenticated: {"userId":"0df29c89-96e5-47ae-8be2-4f2e14ca61c0","iat":1721971934,"exp":1721975534}
2024-07-26T05:40:25.255Z [32minfo[39m: User authenticated: {"userId":"0df29c89-96e5-47ae-8be2-4f2e14ca61c0","iat":1721971934,"exp":1721975534}
2024-07-26T05:40:28.027Z [32minfo[39m: User authenticated: {"userId":"0df29c89-96e5-47ae-8be2-4f2e14ca61c0","iat":1721971934,"exp":1721975534}
2024-07-26T05:40:29.565Z [32minfo[39m: User authenticated: {"userId":"0df29c89-96e5-47ae-8be2-4f2e14ca61c0","iat":1721971934,"exp":1721975534}
2024-07-26T05:40:34.341Z [32minfo[39m: User authenticated: {"userId":"0df29c89-96e5-47ae-8be2-4f2e14ca61c0","iat":1721971934,"exp":1721975534}
2024-07-26T10:19:02.036Z [31merror[39m: JWT verification error: jwt expired
2024-07-26T10:19:50.007Z [31merror[39m: JWT verification error: jwt malformed
2024-07-26T10:20:41.849Z [32minfo[39m: User authenticated: {"userId":"cf532535-e3e0-47a8-ace0-1296c928603d","iat":1721989237,"exp":1721992837}
2024-07-26T10:21:02.439Z [32minfo[39m: User authenticated: {"userId":"cf532535-e3e0-47a8-ace0-1296c928603d","iat":1721989237,"exp":1721992837}
2024-07-26T10:21:14.203Z [32minfo[39m: User authenticated: {"userId":"cf532535-e3e0-47a8-ace0-1296c928603d","iat":1721989270,"exp":1721992870}
2024-07-26T10:21:33.562Z [32minfo[39m: User authenticated: {"userId":"cf532535-e3e0-47a8-ace0-1296c928603d","iat":1721989270,"exp":1721992870}
2024-07-26T10:21:50.803Z [32minfo[39m: User authenticated: {"userId":"cf532535-e3e0-47a8-ace0-1296c928603d","iat":1721989270,"exp":1721992870}
2024-07-26T10:21:57.203Z [32minfo[39m: User authenticated: {"userId":"cf532535-e3e0-47a8-ace0-1296c928603d","iat":1721989270,"exp":1721992870}
2024-07-26T10:22:03.886Z [32minfo[39m: User authenticated: {"userId":"cf532535-e3e0-47a8-ace0-1296c928603d","iat":1721989270,"exp":1721992870}
2024-07-26T10:22:11.531Z [32minfo[39m: User authenticated: {"userId":"cf532535-e3e0-47a8-ace0-1296c928603d","iat":1721989270,"exp":1721992870}
2024-07-26T10:22:19.048Z [32minfo[39m: User authenticated: {"userId":"cf532535-e3e0-47a8-ace0-1296c928603d","iat":1721989270,"exp":1721992870}
2024-07-26T10:22:24.483Z [32minfo[39m: User authenticated: {"userId":"cf532535-e3e0-47a8-ace0-1296c928603d","iat":1721989270,"exp":1721992870}
